<?xml version="1.0" encoding="UTF-8"?>
<!-- Generated by org.testng.reporters.JUnitReportReporter -->
<testsuite hostname="DESKTOP-KULPECS" failures="0" tests="1" name="testCases.UpdateDetailsTestcase" time="17.354" errors="0" timestamp="2022-06-10T18:18:54 IST" skipped="0">
  <testcase classname="testCases.UpdateDetailsTestcase" name="updatedetails" time="17.354"/>
  <system-out/>
</testsuite> <!-- testCases.UpdateDetailsTestcase -->
